0 info it worked if it ends with ok
1 verbose cli [ 'C:\\Program Files\\nodejs\\node.exe',
1 verbose cli   'C:\\Program Files\\nodejs\\node_modules\\npm\\bin\\npm-cli.js',
1 verbose cli   'start' ]
2 info using npm@4.1.2
3 info using node@v7.7.3
4 verbose run-script [ 'prestart', 'start', 'poststart' ]
5 info lifecycle rpsnode@1.0.0~prestart: rpsnode@1.0.0
6 silly lifecycle rpsnode@1.0.0~prestart: no script for prestart, continuing
7 info lifecycle rpsnode@1.0.0~start: rpsnode@1.0.0
8 verbose lifecycle rpsnode@1.0.0~start: unsafe-perm in lifecycle true
9 verbose lifecycle rpsnode@1.0.0~start: PATH: C:\Users\ajimenezc\AppData\Roaming\nvm\v7.7.3\node_modules\npm\bin\node-gyp-bin;C:\Users\ajimenezc\VScode\RpsNode\node_modules\.bin;C:\Program Files\Dell\DW WLAN Card;C:\ProgramData\Oracle\Java\javapath;C:\windows\system32;C:\windows;C:\windows\System32\Wbem;C:\windows\System32\WindowsPowerShell\v1.0\;C:\Program Files\Git\cmd;C:\Program Files\TortoiseGit\bin;C:\Program Files\TortoiseSVN\bin;C:\Program Files (x86)\Skype\Phone\;C:\Users\ajimenezc\AppData\Roaming\nvm;C:\Program Files\nodejs;;C:\Program Files (x86)\Microsoft VS Code\bin;C:\Users\ajimenezc\AppData\Roaming\nvm;C:\Program Files\nodejs
10 verbose lifecycle rpsnode@1.0.0~start: CWD: C:\Users\ajimenezc\VScode\RpsNode
11 silly lifecycle rpsnode@1.0.0~start: Args: [ '/d /s /c', 'node ./app.js' ]
12 silly lifecycle rpsnode@1.0.0~start: Returned: code: 1  signal: null
13 info lifecycle rpsnode@1.0.0~start: Failed to exec start script
14 verbose stack Error: rpsnode@1.0.0 start: `node ./app.js`
14 verbose stack Exit status 1
14 verbose stack     at EventEmitter.<anonymous> (C:\Users\ajimenezc\AppData\Roaming\nvm\v7.7.3\node_modules\npm\lib\utils\lifecycle.js:279:16)
14 verbose stack     at emitTwo (events.js:106:13)
14 verbose stack     at EventEmitter.emit (events.js:194:7)
14 verbose stack     at ChildProcess.<anonymous> (C:\Users\ajimenezc\AppData\Roaming\nvm\v7.7.3\node_modules\npm\lib\utils\spawn.js:40:14)
14 verbose stack     at emitTwo (events.js:106:13)
14 verbose stack     at ChildProcess.emit (events.js:194:7)
14 verbose stack     at maybeClose (internal/child_process.js:899:16)
14 verbose stack     at Process.ChildProcess._handle.onexit (internal/child_process.js:226:5)
15 verbose pkgid rpsnode@1.0.0
16 verbose cwd C:\Users\ajimenezc\VScode\RpsNode
17 error Windows_NT 6.3.9600
18 error argv "C:\\Program Files\\nodejs\\node.exe" "C:\\Program Files\\nodejs\\node_modules\\npm\\bin\\npm-cli.js" "start"
19 error node v7.7.3
20 error npm  v4.1.2
21 error code ELIFECYCLE
22 error rpsnode@1.0.0 start: `node ./app.js`
22 error Exit status 1
23 error Failed at the rpsnode@1.0.0 start script 'node ./app.js'.
23 error Make sure you have the latest version of node.js and npm installed.
23 error If you do, this is most likely a problem with the rpsnode package,
23 error not with npm itself.
23 error Tell the author that this fails on your system:
23 error     node ./app.js
23 error You can get information on how to open an issue for this project with:
23 error     npm bugs rpsnode
23 error Or if that isn't available, you can get their info via:
23 error     npm owner ls rpsnode
23 error There is likely additional logging output above.
24 verbose exit [ 1, true ]
